Generating 3D model for part CAP_1870335406.
	*Warning: No mapping for cell/part CAP_1870335406
Generating 3D model for part CAP+_2854224175.
	*Warning: No mapping for cell/part CAP+_2854224175
Generating 3D model for part FUSE_2171119074.
	*Warning: No mapping for cell/part FUSE_2171119074
Generating 3D model for part DIO_3146781951.
	*Warning: No mapping for cell/part DIO_3146781951
Generating 3D model for part CRYSTAL_2199748192.
	*Warning: No mapping for cell/part CRYSTAL_2199748192
Generating 3D model for part RES_2184335773.
	*Warning: No mapping for cell/part RES_2184335773
Generating 3D model for part CRYSTAL_3591243542.
	*Warning: No mapping for cell/part CRYSTAL_3591243542
Generating 3D model for part RES_2631991027.
	*Warning: No mapping for cell/part RES_2631991027
Generating 3D model for part LM1117_2490209658.
	*Warning: No mapping for cell/part LM1117_2490209658
Generating 3D model for part LED_2_2728776634.
	*Warning: No mapping for cell/part LED_2_2728776634
Generating 3D model for part LM2596_3253986182.
	*Warning: No mapping for cell/part LM2596_3253986182
Generating 3D model for part SP3485_179041738.
	*Warning: No mapping for cell/part SP3485_179041738
Generating 3D model for part NPN_1467028154.
	*Warning: No mapping for cell/part NPN_1467028154
Generating 3D model for part CON3_4152192090.
	*Warning: No mapping for cell/part CON3_4152192090
Generating 3D model for part MICRO_USB_2337009373.
	*Warning: No mapping for cell/part MICRO_USB_2337009373
Generating 3D model for part CH340_4247307832.
	*Warning: No mapping for cell/part CH340_4247307832
Generating 3D model for part TJA1050_179041738.
	*Warning: No mapping for cell/part TJA1050_179041738
Generating 3D model for part 24CXX_179041738.
	*Warning: No mapping for cell/part 24CXX_179041738
Generating 3D model for part W25QXXX_1098250043.
	*Warning: No mapping for cell/part W25QXXX_1098250043
Generating 3D model for part SP3232_3581354071.
	*Warning: No mapping for cell/part SP3232_3581354071
Generating 3D model for part STM32F103C8T6_2761737134.
	*Warning: No mapping for cell/part STM32F103C8T6_2761737134
Generating 3D model for part CAP+_41554642.
	*Warning: No mapping for cell/part CAP+_41554642
Generating 3D model for part INDUCTOR_871115702.
	*Warning: No mapping for cell/part INDUCTOR_871115702
Generating 3D model for part DIO_2103967902.
	*Warning: No mapping for cell/part DIO_2103967902
Generating 3D model for part CON2_557248780.
	*Warning: No mapping for cell/part CON2_557248780
Generating 3D model for part FUSE_253328964.
	*Warning: No mapping for cell/part FUSE_253328964
Generating 3D model for part SW-PB_526654890.
	*Warning: No mapping for cell/part SW-PB_526654890
Generating 3D model for part CON3_4162585398.
	*Warning: No mapping for cell/part CON3_4162585398
Generating 3D model for part RES_2171119074.
	*Warning: No mapping for cell/part RES_2171119074
Generating 3D model for part HOLE_680807875.
	*Warning: No mapping for cell/part HOLE_680807875
Generating 3D model for part STM32F103RGT6_1034009931.
	*Warning: No mapping for cell/part STM32F103RGT6_1034009931
Generating 3D model for part CON3_1064723499.
	*Warning: No mapping for cell/part CON3_1064723499
